This is pdfTeX, Version 3.1415926-2.3-1.40.12 (MiKTeX 2.9) (preloaded format=pdflatex 2016.10.1)  11 OCT 2016 13:48
entering extended mode
**C:/Users/TOSHIBA/Documents/GitHub/my584/hw1/hw1.tex
(C:/Users/TOSHIBA/Documents/GitHub/my584/hw1/hw1.tex
LaTeX2e <2011/06/27>
Babel <v3.8m> and hyphenation patterns for loaded.
(I:\CTEX\MiKTeX\tex\latex\base\article.cls
Document Class: article 2007/10/19 v1.4h Standard LaTeX document class
(I:\CTEX\MiKTeX\tex\latex\base\size10.clo
File: size10.clo 2007/10/19 v1.4h Standard LaTeX file (size option)
)
\c@part=\count79
\c@section=\count80
\c@subsection=\count81
\c@subsubsection=\count82
\c@paragraph=\count83
\c@subparagraph=\count84
\c@figure=\count85
\c@table=\count86
\abovecaptionskip=\skip41
\belowcaptionskip=\skip42
\bibindent=\dimen102
)
(I:\CTEX\MiKTeX\tex\latex\graphics\graphicx.sty
Package: graphicx 1999/02/16 v1.0f Enhanced LaTeX Graphics (DPC,SPQR)

(I:\CTEX\MiKTeX\tex\latex\graphics\keyval.sty
Package: keyval 1999/03/16 v1.13 key=value parser (DPC)
\KV@toks@=\toks14
)
(I:\CTEX\MiKTeX\tex\latex\graphics\graphics.sty
Package: graphics 2009/02/05 v1.0o Standard LaTeX Graphics (DPC,SPQR)

(I:\CTEX\MiKTeX\tex\latex\graphics\trig.sty
Package: trig 1999/03/16 v1.09 sin cos tan (DPC)
)
(I:\CTEX\MiKTeX\tex\latex\00miktex\graphics.cfg
File: graphics.cfg 2007/01/18 v1.5 graphics configuration of teTeX/TeXLive
)
Package graphics Info: Driver file: pdftex.def on input line 91.

(I:\CTEX\MiKTeX\tex\latex\pdftex-def\pdftex.def
File: pdftex.def 2011/05/27 v0.06d Graphics/color for pdfTeX

(I:\CTEX\MiKTeX\tex\generic\oberdiek\infwarerr.sty
Package: infwarerr 2010/04/08 v1.3 Providing info/warning/message (HO)
)
(I:\CTEX\MiKTeX\tex\generic\oberdiek\ltxcmds.sty
Package: ltxcmds 2011/04/18 v1.20 LaTeX kernel commands for general use (HO)
)
\Gread@gobject=\count87
))
\Gin@req@height=\dimen103
\Gin@req@width=\dimen104
)
(I:\CTEX\MiKTeX\tex\latex\ams\math\amsmath.sty
Package: amsmath 2000/07/18 v2.13 AMS math features
\@mathmargin=\skip43

For additional information on amsmath, use the `?' option.
(I:\CTEX\MiKTeX\tex\latex\ams\math\amstext.sty
Package: amstext 2000/06/29 v2.01

(I:\CTEX\MiKTeX\tex\latex\ams\math\amsgen.sty
File: amsgen.sty 1999/11/30 v2.0
\@emptytoks=\toks15
\ex@=\dimen105
))
(I:\CTEX\MiKTeX\tex\latex\ams\math\amsbsy.sty
Package: amsbsy 1999/11/29 v1.2d
\pmbraise@=\dimen106
)
(I:\CTEX\MiKTeX\tex\latex\ams\math\amsopn.sty
Package: amsopn 1999/12/14 v2.01 operator names
)
\inf@bad=\count88
LaTeX Info: Redefining \frac on input line 211.
\uproot@=\count89
\leftroot@=\count90
LaTeX Info: Redefining \overline on input line 307.
\classnum@=\count91
\DOTSCASE@=\count92
LaTeX Info: Redefining \ldots on input line 379.
LaTeX Info: Redefining \dots on input line 382.
LaTeX Info: Redefining \cdots on input line 467.
\Mathstrutbox@=\box26
\strutbox@=\box27
\big@size=\dimen107
LaTeX Font Info:    Redeclaring font encoding OML on input line 567.
LaTeX Font Info:    Redeclaring font encoding OMS on input line 568.
\macc@depth=\count93
\c@MaxMatrixCols=\count94
\dotsspace@=\muskip10
\c@parentequation=\count95
\dspbrk@lvl=\count96
\tag@help=\toks16
\row@=\count97
\column@=\count98
\maxfields@=\count99
\andhelp@=\toks17
\eqnshift@=\dimen108
\alignsep@=\dimen109
\tagshift@=\dimen110
\tagwidth@=\dimen111
\totwidth@=\dimen112
\lineht@=\dimen113
\@envbody=\toks18
\multlinegap=\skip44
\multlinetaggap=\skip45
\mathdisplay@stack=\toks19
LaTeX Info: Redefining \[ on input line 2666.
LaTeX Info: Redefining \] on input line 2667.
)
(I:\CTEX\MiKTeX\tex\latex\amsfonts\amsfonts.sty
Package: amsfonts 2009/06/22 v3.00 Basic AMSFonts support
\symAMSa=\mathgroup4
\symAMSb=\mathgroup5
LaTeX Font Info:    Overwriting math alphabet `\mathfrak' in version `bold'
(Font)                  U/euf/m/n --> U/euf/b/n on input line 96.
)
(I:\CTEX\MiKTeX\tex\latex\amsfonts\amssymb.sty
Package: amssymb 2009/06/22 v3.00
)
(I:\CTEX\MiKTeX\tex\latex\oberdiek\epstopdf.sty
Package: epstopdf 2010/02/09 v2.5 Conversion with epstopdf on the fly (HO)

(I:\CTEX\MiKTeX\tex\latex\oberdiek\epstopdf-base.sty
Package: epstopdf-base 2010/02/09 v2.5 Base part for package epstopdf

(I:\CTEX\MiKTeX\tex\latex\oberdiek\grfext.sty
Package: grfext 2010/08/19 v1.1 Managing graphics extensions (HO)

(I:\CTEX\MiKTeX\tex\generic\oberdiek\kvdefinekeys.sty
Package: kvdefinekeys 2011/04/07 v1.3 Defining keys (HO)
))
(I:\CTEX\MiKTeX\tex\latex\oberdiek\kvoptions.sty
Package: kvoptions 2010/12/23 v3.10 Keyval support for LaTeX options (HO)

(I:\CTEX\MiKTeX\tex\generic\oberdiek\kvsetkeys.sty
Package: kvsetkeys 2011/04/07 v1.13 Key value parser (HO)

(I:\CTEX\MiKTeX\tex\generic\oberdiek\etexcmds.sty
Package: etexcmds 2011/02/16 v1.5 Prefix for e-TeX command names (HO)

(I:\CTEX\MiKTeX\tex\generic\oberdiek\ifluatex.sty
Package: ifluatex 2010/03/01 v1.3 Provides the ifluatex switch (HO)
Package ifluatex Info: LuaTeX not detected.
)
Package etexcmds Info: Could not find \expanded.
(etexcmds)             That can mean that you are not using pdfTeX 1.50 or
(etexcmds)             that some package has redefined \expanded.
(etexcmds)             In the latter case, load this package earlier.
)))
(I:\CTEX\MiKTeX\tex\generic\oberdiek\pdftexcmds.sty
Package: pdftexcmds 2011/04/22 v0.16 Utilities of pdfTeX for LuaTeX (HO)

(I:\CTEX\MiKTeX\tex\generic\oberdiek\ifpdf.sty
Package: ifpdf 2011/01/30 v2.3 Provides the ifpdf switch (HO)
Package ifpdf Info: pdfTeX in PDF mode is detected.
)
Package pdftexcmds Info: LuaTeX not detected.
Package pdftexcmds Info: \pdf@primitive is available.
Package pdftexcmds Info: \pdf@ifprimitive is available.
Package pdftexcmds Info: \pdfdraftmode found.
)
Package grfext Info: Graphics extension search list:
(grfext)             [.png,.pdf,.jpg,.mps,.jpeg,.jbig2,.jb2,.PNG,.PDF,.JPG,.JPE
G,.JBIG2,.JB2,.eps]
(grfext)             \AppendGraphicsExtensions on input line 452.
))
(I:\CTEX\MiKTeX\tex\latex\hyperref\hyperref.sty
Package: hyperref 2012/02/06 v6.82o Hypertext links for LaTeX

(I:\CTEX\MiKTeX\tex\generic\oberdiek\hobsub-hyperref.sty
Package: hobsub-hyperref 2011/04/23 v1.4 Bundle oberdiek, subset hyperref (HO)

(I:\CTEX\MiKTeX\tex\generic\oberdiek\hobsub-generic.sty
Package: hobsub-generic 2011/04/23 v1.4 Bundle oberdiek, subset generic (HO)
Package: hobsub 2011/04/23 v1.4 Subsetting bundle oberdiek (HO)
Package hobsub Info: Skipping package `infwarerr' (already loaded).
Package hobsub Info: Skipping package `ltxcmds' (already loaded).
Package hobsub Info: Skipping package `ifluatex' (already loaded).
Package: ifvtex 2010/03/01 v1.5 Switches for detecting VTeX and its modes (HO)
Package ifvtex Info: VTeX not detected.
Package: intcalc 2007/09/27 v1.1 Expandable integer calculations (HO)
Package hobsub Info: Skipping package `ifpdf' (already loaded).
Package hobsub Info: Skipping package `etexcmds' (already loaded).
Package hobsub Info: Skipping package `kvsetkeys' (already loaded).
Package hobsub Info: Skipping package `kvdefinekeys' (already loaded).
Package hobsub Info: Skipping package `pdftexcmds' (already loaded).
Package: pdfescape 2011/04/04 v1.12 Provides string conversions (HO)
Package: bigintcalc 2011/01/30 v1.2 Expandable big integer calculations (HO)
Package: bitset 2011/01/30 v1.1 Data type bit set (HO)
Package: uniquecounter 2011/01/30 v1.2 Provides unlimited unique counter (HO)
)
Package hobsub Info: Skipping package `hobsub' (already loaded).
Package: letltxmacro 2010/09/02 v1.4 Let assignment for LaTeX macros (HO)
Package: hopatch 2011/01/30 v1.0 Wrapper for package hooks (HO)
Package: xcolor-patch 2011/01/30 xcolor patch
Package: atveryend 2011/04/23 v1.7 Hooks at very end of document (HO)
Package: atbegshi 2011/01/30 v1.15 At begin shipout hook (HO)
Package: refcount 2010/12/01 v3.2 Data extraction from references (HO)
Package: hycolor 2011/01/30 v1.7 Color options of hyperref/bookmark (HO)
)
(I:\CTEX\MiKTeX\tex\generic\ifxetex\ifxetex.sty
Package: ifxetex 2010/09/12 v0.6 Provides ifxetex conditional
)
\@linkdim=\dimen114
\Hy@linkcounter=\count100
\Hy@pagecounter=\count101

(I:\CTEX\MiKTeX\tex\latex\hyperref\pd1enc.def
File: pd1enc.def 2012/02/06 v6.82o Hyperref: PDFDocEncoding definition (HO)
)
\Hy@SavedSpaceFactor=\count102

(I:\CTEX\MiKTeX\tex\latex\00miktex\hyperref.cfg
File: hyperref.cfg 2002/06/06 v1.2 hyperref configuration of TeXLive
)
Package hyperref Info: Hyper figures OFF on input line 4046.
Package hyperref Info: Link nesting OFF on input line 4051.
Package hyperref Info: Hyper index ON on input line 4054.
Package hyperref Info: Plain pages OFF on input line 4061.
Package hyperref Info: Backreferencing OFF on input line 4066.
Package hyperref Info: Implicit mode ON; LaTeX internals redefined.
Package hyperref Info: Bookmarks ON on input line 4284.
\c@Hy@tempcnt=\count103

(I:\CTEX\MiKTeX\tex\latex\ltxmisc\url.sty
\Urlmuskip=\muskip11
Package: url 2006/04/12  ver 3.3  Verb mode for urls, etc.
)
LaTeX Info: Redefining \url on input line 4637.
\Fld@menulength=\count104
\Field@Width=\dimen115
\Fld@charsize=\dimen116
Package hyperref Info: Hyper figures OFF on input line 5757.
Package hyperref Info: Link nesting OFF on input line 5762.
Package hyperref Info: Hyper index ON on input line 5765.
Package hyperref Info: backreferencing OFF on input line 5772.
Package hyperref Info: Link coloring OFF on input line 5777.
Package hyperref Info: Link coloring with OCG OFF on input line 5782.
Package hyperref Info: PDF/A mode OFF on input line 5787.
LaTeX Info: Redefining \ref on input line 5827.
LaTeX Info: Redefining \pageref on input line 5831.
\Hy@abspage=\count105
\c@Item=\count106
\c@Hfootnote=\count107
)

Package hyperref Message: Driver (autodetected): hpdftex.

(I:\CTEX\MiKTeX\tex\latex\hyperref\hpdftex.def
File: hpdftex.def 2012/02/06 v6.82o Hyperref driver for pdfTeX
\Fld@listcount=\count108
\c@bookmark@seq@number=\count109

(I:\CTEX\MiKTeX\tex\latex\oberdiek\rerunfilecheck.sty
Package: rerunfilecheck 2011/04/15 v1.7 Rerun checks for auxiliary files (HO)
Package uniquecounter Info: New unique counter `rerunfilecheck' on input line 2
82.
)
\Hy@SectionHShift=\skip46
)
(C:\Users\TOSHIBA\Documents\GitHub\my584\latex\macros.tex)
(C:\Users\TOSHIBA\Documents\GitHub\my584\hw1\hw1.aux)
LaTeX Font Info:    Checking defaults for OML/cmm/m/it on input line 23.
LaTeX Font Info:    ... okay on input line 23.
LaTeX Font Info:    Checking defaults for T1/cmr/m/n on input line 23.
LaTeX Font Info:    ... okay on input line 23.
LaTeX Font Info:    Checking defaults for OT1/cmr/m/n on input line 23.
LaTeX Font Info:    ... okay on input line 23.
LaTeX Font Info:    Checking defaults for OMS/cmsy/m/n on input line 23.
LaTeX Font Info:    ... okay on input line 23.
LaTeX Font Info:    Checking defaults for OMX/cmex/m/n on input line 23.
LaTeX Font Info:    ... okay on input line 23.
LaTeX Font Info:    Checking defaults for U/cmr/m/n on input line 23.
LaTeX Font Info:    ... okay on input line 23.
LaTeX Font Info:    Checking defaults for PD1/pdf/m/n on input line 23.
LaTeX Font Info:    ... okay on input line 23.

(I:\CTEX\MiKTeX\tex\context\base\supp-pdf.mkii
[Loading MPS to PDF converter (version 2006.09.02).]
\scratchcounter=\count110
\scratchdimen=\dimen117
\scratchbox=\box28
\nofMPsegments=\count111
\nofMParguments=\count112
\everyMPshowfont=\toks20
\MPscratchCnt=\count113
\MPscratchDim=\dimen118
\MPnumerator=\count114
\makeMPintoPDFobject=\count115
\everyMPtoPDFconversion=\toks21
)
\AtBeginShipoutBox=\box29
Package hyperref Info: Link coloring OFF on input line 23.
 (I:\CTEX\MiKTeX\tex\latex\hyperref\nameref.sty
Package: nameref 2010/04/30 v2.40 Cross-referencing by name of section

(I:\CTEX\MiKTeX\tex\generic\oberdiek\gettitlestring.sty
Package: gettitlestring 2010/12/03 v1.4 Cleanup title references (HO)
)
\c@section@level=\count116
)
LaTeX Info: Redefining \ref on input line 23.
LaTeX Info: Redefining \pageref on input line 23.
LaTeX Info: Redefining \nameref on input line 23.

(C:\Users\TOSHIBA\Documents\GitHub\my584\hw1\hw1.out)
(C:\Users\TOSHIBA\Documents\GitHub\my584\hw1\hw1.out)
\@outlinefile=\write3
LaTeX Font Info:    Try loading font information for U+msa on input line 47.

(I:\CTEX\MiKTeX\tex\latex\amsfonts\umsa.fd
File: umsa.fd 2009/06/22 v3.00 AMS symbols A
)
LaTeX Font Info:    Try loading font information for U+msb on input line 47.

(I:\CTEX\MiKTeX\tex\latex\amsfonts\umsb.fd
File: umsb.fd 2009/06/22 v3.00 AMS symbols B
)
Underfull \hbox (badness 10000) in paragraph at lines 72--73

 []


Underfull \hbox (badness 10000) in paragraph at lines 82--83

 []


Underfull \hbox (badness 10000) in paragraph at lines 88--89

 []

[1

{I:/CTEX/UserData/pdftex/config/pdftex.map{Unicode.sfd}{UGBK.sfd}}]
Underfull \hbox (badness 10000) in paragraph at lines 105--111

 []


Underfull \hbox (badness 10000) in paragraph at lines 149--155

 []

[2]
Underfull \hbox (badness 10000) in paragraph at lines 156--158

 []


Underfull \hbox (badness 10000) in paragraph at lines 159--162

 []


Underfull \hbox (badness 10000) in paragraph at lines 163--167

 []


Underfull \hbox (badness 10000) in paragraph at lines 168--171

 []


Underfull \hbox (badness 10000) in paragraph at lines 172--180

 []


Underfull \hbox (badness 10000) in paragraph at lines 181--190

 []

[3]
Underfull \hbox (badness 10000) in paragraph at lines 191--193

 []


Overfull \hbox (34.92201pt too wide) in paragraph at lines 232--232
[] \OT1/cmtt/m/n/10 0         0         0         0         0         0        
 0         0         0         0[] 
 []


Overfull \hbox (34.92201pt too wide) in paragraph at lines 232--232
[] \OT1/cmtt/m/n/10 0         0         0         0         0         0        
 0         0         0         0[] 
 []


Overfull \hbox (34.92201pt too wide) in paragraph at lines 232--232
[] \OT1/cmtt/m/n/10 0    0.3000    0.3000    0.3000    0.3000         0        
 0         0         0         0[] 
 []


Overfull \hbox (34.92201pt too wide) in paragraph at lines 232--232
[] \OT1/cmtt/m/n/10 0    0.3000    0.3000    0.9000    0.9000    0.6000    0.60
00    0.6000         0         0[] 
 []


Overfull \hbox (34.92201pt too wide) in paragraph at lines 232--232
[] \OT1/cmtt/m/n/10 0    0.3000    0.3000    0.9000    0.9000    0.6000    0.60
00    0.6000         0         0[] 
 []


Overfull \hbox (34.92201pt too wide) in paragraph at lines 232--232
[] \OT1/cmtt/m/n/10 0         0         0    0.6000    0.6000    0.6000    0.60
00    0.6000         0         0[] 
 []


Overfull \hbox (34.92201pt too wide) in paragraph at lines 232--232
[] \OT1/cmtt/m/n/10 0         0         0    0.6000    0.6000    0.6000    0.60
00    0.6000         0         0[] 
 []


Overfull \hbox (34.92201pt too wide) in paragraph at lines 232--232
[] \OT1/cmtt/m/n/10 0         0         0    0.6000    0.6000    0.6000    0.60
00    0.6000         0         0[] 
 []


Overfull \hbox (34.92201pt too wide) in paragraph at lines 232--232
[] \OT1/cmtt/m/n/10 0         0         0    0.6000    0.6000    0.6000    0.60
00    0.6000         0         0[] 
 []


Overfull \hbox (34.92201pt too wide) in paragraph at lines 232--232
[] \OT1/cmtt/m/n/10 0         0         0         0         0         0        
 0         0         0         0[] 
 []

<image1.png, id=29, 578.6418pt x 433.62pt>
File: image1.png Graphic file (type png)
 <use image1.png>
Package pdftex.def Info: image1.png used on input line 234.
(pdftex.def)             Requested size: 252.94499pt x 189.54948pt.
 [4]
Package epstopdf Info: Source file: <5a_A1.eps>
(epstopdf)                    date: 2016-10-10 09:21:01
(epstopdf)                    size: 21898 bytes
(epstopdf)             Output file: <5a_A1-eps-converted-to.pdf>
(epstopdf)                    date: 2016-10-10 09:25:48
(epstopdf)                    size: 4037 bytes
(epstopdf)             Command: <epstopdf --outfile=5a_A1-eps-converted-to.pdf 
5a_A1.eps>
(epstopdf)             \includegraphics on input line 282.
Package epstopdf Info: Output file is already uptodate.

<5a_A1-eps-converted-to.pdf, id=35, 510.90875pt x 366.36874pt>
File: 5a_A1-eps-converted-to.pdf Graphic file (type pdf)

<use 5a_A1-eps-converted-to.pdf>
Package pdftex.def Info: 5a_A1-eps-converted-to.pdf used on input line 282.
(pdftex.def)             Requested size: 252.94499pt x 181.38383pt.
 [5 <C:/Users/TOSHIBA/Documents/GitHub/my584/hw1/image1.png (PNG copy)>]
Package epstopdf Info: Source file: <5b_A2.eps>
(epstopdf)                    date: 2016-10-10 09:53:26
(epstopdf)                    size: 20302 bytes
(epstopdf)             Output file: <5b_A2-eps-converted-to.pdf>
(epstopdf)                    date: 2016-10-10 09:59:52
(epstopdf)                    size: 4017 bytes
(epstopdf)             Command: <epstopdf --outfile=5b_A2-eps-converted-to.pdf 
5b_A2.eps>
(epstopdf)             \includegraphics on input line 300.
Package epstopdf Info: Output file is already uptodate.

<5b_A2-eps-converted-to.pdf, id=40, 421.575pt x 316.18124pt>
File: 5b_A2-eps-converted-to.pdf Graphic file (type pdf)

<use 5b_A2-eps-converted-to.pdf>
Package pdftex.def Info: 5b_A2-eps-converted-to.pdf used on input line 300.
(pdftex.def)             Requested size: 252.94499pt x 189.7102pt.
 [6 <C:/Users/TOSHIBA/Documents/GitHub/my584/hw1/5a_A1-eps-converted-to.pdf> <C
:/Users/TOSHIBA/Documents/GitHub/my584/hw1/5b_A2-eps-converted-to.pdf>]
Underfull \hbox (badness 10000) in paragraph at lines 320--334

 []


Underfull \hbox (badness 10000) in paragraph at lines 335--346

 []


Underfull \hbox (badness 10000) in paragraph at lines 347--358

 []

Package epstopdf Info: Source file: <5d.eps>
(epstopdf)                    date: 2016-10-10 10:50:32
(epstopdf)                    size: 20299 bytes
(epstopdf)             Output file: <5d-eps-converted-to.pdf>
(epstopdf)                    date: 2016-10-10 11:04:33
(epstopdf)                    size: 4030 bytes
(epstopdf)             Command: <epstopdf --outfile=5d-eps-converted-to.pdf 5d.
eps>
(epstopdf)             \includegraphics on input line 362.
Package epstopdf Info: Output file is already uptodate.
<5d-eps-converted-to.pdf, id=55, 421.575pt x 316.18124pt>
File: 5d-eps-converted-to.pdf Graphic file (type pdf)

<use 5d-eps-converted-to.pdf>
Package pdftex.def Info: 5d-eps-converted-to.pdf used on input line 362.
(pdftex.def)             Requested size: 252.94499pt x 189.7102pt.
 [7]
Underfull \hbox (badness 10000) in paragraph at lines 364--371

 []

Package atveryend Info: Empty hook `BeforeClearDocument' on input line 407.
[8 <C:/Users/TOSHIBA/Documents/GitHub/my584/hw1/5d-eps-converted-to.pdf>]
Package atveryend Info: Empty hook `AfterLastShipout' on input line 407.

(C:\Users\TOSHIBA\Documents\GitHub\my584\hw1\hw1.aux)
Package atveryend Info: Executing hook `AtVeryEndDocument' on input line 407.
Package atveryend Info: Executing hook `AtEndAfterFileList' on input line 407.
Package rerunfilecheck Info: File `hw1.out' has not changed.
(rerunfilecheck)             Checksum: D41D8CD98F00B204E9800998ECF8427E;0.
 ) 
Here is how much of TeX's memory you used:
 5818 strings out of 495354
 82516 string characters out of 3183859
 194459 words of memory out of 3000000
 8909 multiletter control sequences out of 15000+200000
 6161 words of font info for 25 fonts, out of 3000000 for 9000
 14 hyphenation exceptions out of 8191
 42i,9n,23p,527b,328s stack positions out of 5000i,500n,10000p,200000b,50000s
<I:/CTEX/MiKTeX/fonts/type1/public/amsfonts/cm/cmbx10.pfb><I:/CTEX/MiKTeX/fon
ts/type1/public/amsfonts/cm/cmex10.pfb><I:/CTEX/MiKTeX/fonts/type1/public/amsfo
nts/cm/cmmi10.pfb><I:/CTEX/MiKTeX/fonts/type1/public/amsfonts/cm/cmmi5.pfb><I:/
CTEX/MiKTeX/fonts/type1/public/amsfonts/cm/cmmi7.pfb><I:/CTEX/MiKTeX/fonts/type
1/public/amsfonts/cm/cmr10.pfb><I:/CTEX/MiKTeX/fonts/type1/public/amsfonts/cm/c
mr5.pfb><I:/CTEX/MiKTeX/fonts/type1/public/amsfonts/cm/cmr7.pfb><I:/CTEX/MiKTeX
/fonts/type1/public/amsfonts/cm/cmsy10.pfb><I:/CTEX/MiKTeX/fonts/type1/public/a
msfonts/cm/cmsy5.pfb><I:/CTEX/MiKTeX/fonts/type1/public/amsfonts/cm/cmsy7.pfb><
I:/CTEX/MiKTeX/fonts/type1/public/amsfonts/cm/cmti10.pfb><I:/CTEX/MiKTeX/fonts/
type1/public/amsfonts/cm/cmtt10.pfb><I:/CTEX/MiKTeX/fonts/type1/public/amsfonts
/symbols/msbm10.pfb>
Output written on hw1.pdf (8 pages, 193449 bytes).
PDF statistics:
 119 PDF objects out of 1000 (max. 8388607)
 9 named destinations out of 1000 (max. 500000)
 21 words of extra memory for PDF output out of 10000 (max. 10000000)

